This is pdfTeX, Version 3.14159265-2.6-1.40.20 (MiKTeX 2.9.7200 64-bit) (preloaded format=pdflatex 2019.10.21)  13 DEC 2019 20:45
entering extended mode
**./titlepage.tex
(titlepage.tex
LaTeX2e <2019-10-01> patch level 1

! LaTeX Error: Environment titlepage undefined.

See the LaTeX manual or LaTeX Companion for explanation.
Type  H <return>  for immediate help.
 ...                                              
                                                  
l.1 \begin{titlepage}
                     
Your command was ignored.
Type  I <command> <return>  to replace it with another command,
or  <return>  to continue without it.


! LaTeX Error: Missing \begin{document}.

See the LaTeX manual or LaTeX Companion for explanation.
Type  H <return>  for immediate help.
 ...                                              
                                                  
l.3 	\center
             % Center everything on the page
You're in trouble here.  Try typing  <return>  to proceed.
If that doesn't work, type  X <return>  to quit.


Overfull \hbox (20.0pt too wide) in paragraph at lines 3--3
[] 
 []

! Undefined control sequence.
l.7 	\includegraphics
                     [scale=0.5]{logo.jpg}\\[1cm] % Include a department/uni...
The control sequence at the end of the top line
of your error message was never \def'ed. If you have
misspelled it (e.g., `\hobx'), type `I' and the correct
spelling (e.g., `I\hbox'). Otherwise just continue,
and I'll forget about whatever was undefined.

Missing character: There is no [ in font nullfont!
Missing character: There is no s in font nullfont!
Missing character: There is no c in font nullfont!
Missing character: There is no a in font nullfont!
Missing character: There is no l in font nullfont!
Missing character: There is no e in font nullfont!
Missing character: There is no = in font nullfont!
Missing character: There is no 0 in font nullfont!
Missing character: There is no . in font nullfont!
Missing character: There is no 5 in font nullfont!
Missing character: There is no ] in font nullfont!
Missing character: There is no l in font nullfont!
Missing character: There is no o in font nullfont!
Missing character: There is no g in font nullfont!
Missing character: There is no o in font nullfont!
Missing character: There is no . in font nullfont!
Missing character: There is no j in font nullfont!
Missing character: There is no p in font nullfont!
Missing character: There is no g in font nullfont!
! Undefined control sequence.
<recently read> \LARGE 
                       
l.8 	\textsc{\LARGE Tribhuvan University, }
                                           \\[0.4cm] % Name of your universi...
The control sequence at the end of the top line
of your error message was never \def'ed. If you have
misspelled it (e.g., `\hobx'), type `I' and the correct
spelling (e.g., `I\hbox'). Otherwise just continue,
and I'll forget about whatever was undefined.


Overfull \hbox (52.48312pt too wide) in paragraph at lines 8--8
 []\OT1/cmr/m/sc/10 Tribhuvan 
 []


Overfull \hbox (21.07207pt too wide) in paragraph at lines 8--8
 \OT1/cmr/m/sc/10 Uni- 
 []


Overfull \hbox (21.511pt too wide) in paragraph at lines 8--8
 \OT1/cmr/m/sc/10 ver- 
 []


Overfull \hbox (22.83875pt too wide) in paragraph at lines 8--8
 \OT1/cmr/m/sc/10 sity, 
 []

! Undefined control sequence.
<recently read> \Large 
                       
l.9 	\textsc{\Large Pulchowk Campus,}
                                     \\[0.4cm] % Major heading such as cours...
The control sequence at the end of the top line
of your error message was never \def'ed. If you have
misspelled it (e.g., `\hobx'), type `I' and the correct
spelling (e.g., `I\hbox'). Otherwise just continue,
and I'll forget about whatever was undefined.


Overfull \hbox (51.57195pt too wide) in paragraph at lines 9--9
 []\OT1/cmr/m/sc/10 Pulchowk 
 []


Overfull \hbox (25.23872pt too wide) in paragraph at lines 9--9
 \OT1/cmr/m/sc/10 Cam- 
 []


Overfull \hbox (19.48322pt too wide) in paragraph at lines 9--9
 \OT1/cmr/m/sc/10 pus, 
 []

! Undefined control sequence.
<recently read> \large 
                       
l.10 	\textsc{\large Pulchowk,Lalitpur}
                                       \\[0.4cm] % Minor heading such as cou...
The control sequence at the end of the top line
of your error message was never \def'ed. If you have
misspelled it (e.g., `\hobx'), type `I' and the correct
spelling (e.g., `I\hbox'). Otherwise just continue,
and I'll forget about whatever was undefined.


Overfull \hbox (99.53276pt too wide) in paragraph at lines 10--10
 []\OT1/cmr/m/sc/10 Pulchowk,Lalitpur 
 []

! Undefined control sequence.
l.15 	{ \large
               \bfseries Efficiency Enhancement of Wireless Charging System ...
The control sequence at the end of the top line
of your error message was never \def'ed. If you have
misspelled it (e.g., `\hobx'), type `I' and the correct
spelling (e.g., `I\hbox'). Otherwise just continue,
and I'll forget about whatever was undefined.


Overfull \hbox (48.28447pt too wide) in paragraph at lines 15--15
 []\OT1/cmr/bx/n/10 Efficiency 
 []


Overfull \hbox (17.77768pt too wide) in paragraph at lines 15--15
 \OT1/cmr/bx/n/10 En- 
 []


Overfull \hbox (32.58315pt too wide) in paragraph at lines 15--15
 \OT1/cmr/bx/n/10 hance- 
 []


Overfull \hbox (25.3957pt too wide) in paragraph at lines 15--15
 \OT1/cmr/bx/n/10 ment 
 []


Overfull \hbox (9.26384pt too wide) in paragraph at lines 15--15
 \OT1/cmr/bx/n/10 of 
 []


Overfull \hbox (28.92348pt too wide) in paragraph at lines 15--15
 \OT1/cmr/bx/n/10 Wire- 
 []


Overfull \hbox (17.53738pt too wide) in paragraph at lines 15--15
 \OT1/cmr/bx/n/10 less 
 []


Overfull \hbox (34.60397pt too wide) in paragraph at lines 15--15
 \OT1/cmr/bx/n/10 Charg- 
 []


Overfull \hbox (15.33325pt too wide) in paragraph at lines 15--15
 \OT1/cmr/bx/n/10 ing 
 []


Overfull \hbox (20.82765pt too wide) in paragraph at lines 15--15
 \OT1/cmr/bx/n/10 Sys- 
 []


Overfull \hbox (19.3263pt too wide) in paragraph at lines 15--15
 \OT1/cmr/bx/n/10 tem 
 []


Overfull \hbox (13.99994pt too wide) in paragraph at lines 15--15
 []\OT1/cmr/bx/n/10 for 
 []


Overfull \hbox (16.24991pt too wide) in paragraph at lines 15--15
 \OT1/cmr/bx/n/10 EV 
 []


Overfull \hbox (9.58328pt too wide) in paragraph at lines 15--15
 \OT1/cmr/bx/n/10 in 
 []


Overfull \hbox (29.22899pt too wide) in paragraph at lines 15--15
 \OT1/cmr/bx/n/10 Static 
 []


Overfull \hbox (18.36794pt too wide) in paragraph at lines 15--15
 \OT1/cmr/bx/n/10 and 
 []


Overfull \hbox (18.72212pt too wide) in paragraph at lines 15--15
 \OT1/cmr/bx/n/10 Dy- 
 []


Overfull \hbox (29.86787pt too wide) in paragraph at lines 15--15
 \OT1/cmr/bx/n/10 namic 
 []


Overfull \hbox (28.64569pt too wide) in paragraph at lines 15--15
 \OT1/cmr/bx/n/10 Mode 
 []

Missing character: There is no R in font nullfont!
Missing character: There is no a in font nullfont!
Missing character: There is no j in font nullfont!
Missing character: There is no i in font nullfont!
Missing character: There is no b in font nullfont!
Missing character: There is no B in font nullfont!
Missing character: There is no i in font nullfont!
Missing character: There is no j in font nullfont!
Missing character: There is no u in font nullfont!
Missing character: There is no k in font nullfont!
Missing character: There is no c in font nullfont!
Missing character: There is no h in font nullfont!
Missing character: There is no h in font nullfont!
Missing character: There is no e in font nullfont!
Missing character: There is no , in font nullfont!
Missing character: There is no 0 in font nullfont!
Missing character: There is no 7 in font nullfont!
Missing character: There is no 3 in font nullfont!
Missing character: There is no B in font nullfont!
Missing character: There is no E in font nullfont!
Missing character: There is no L in font nullfont!
Missing character: There is no 3 in font nullfont!
Missing character: There is no 3 in font nullfont!
Missing character: There is no 0 in font nullfont!
Missing character: There is no A in font nullfont!
Missing character: There is no n in font nullfont!
Missing character: There is no j in font nullfont!
Missing character: There is no i in font nullfont!
Missing character: There is no l in font nullfont!
Missing character: There is no A in font nullfont!
Missing character: There is no d in font nullfont!
Missing character: There is no h in font nullfont!
Missing character: There is no i in font nullfont!
Missing character: There is no k in font nullfont!
Missing character: There is no a in font nullfont!
Missing character: There is no r in font nullfont!
Missing character: There is no i in font nullfont!
Missing character: There is no , in font nullfont!
Missing character: There is no 0 in font nullfont!
Missing character: There is no 7 in font nullfont!
Missing character: There is no 3 in font nullfont!
Missing character: There is no B in font nullfont!
Missing character: There is no E in font nullfont!
Missing character: There is no L in font nullfont!
Missing character: There is no 3 in font nullfont!
Missing character: There is no 0 in font nullfont!
Missing character: There is no 7 in font nullfont!
Missing character: There is no P in font nullfont!
Missing character: There is no r in font nullfont!
Missing character: There is no a in font nullfont!
Missing character: There is no v in font nullfont!
Missing character: There is no e in font nullfont!
Missing character: There is no e in font nullfont!
Missing character: There is no n in font nullfont!
Missing character: There is no K in font nullfont!
Missing character: There is no u in font nullfont!
Missing character: There is no s in font nullfont!
Missing character: There is no h in font nullfont!
Missing character: There is no w in font nullfont!
Missing character: There is no a in font nullfont!
Missing character: There is no h in font nullfont!
Missing character: There is no a in font nullfont!
Missing character: There is no , in font nullfont!
Missing character: There is no 0 in font nullfont!
Missing character: There is no 7 in font nullfont!
Missing character: There is no 3 in font nullfont!
Missing character: There is no B in font nullfont!
Missing character: There is no E in font nullfont!
Missing character: There is no L in font nullfont!
Missing character: There is no 3 in font nullfont!
Missing character: There is no 2 in font nullfont!
Missing character: There is no 8 in font nullfont!
Missing character: There is no R in font nullfont!
Missing character: There is no a in font nullfont!
Missing character: There is no b in font nullfont!
Missing character: There is no i in font nullfont!
Missing character: There is no n in font nullfont!
Missing character: There is no D in font nullfont!
Missing character: There is no h in font nullfont!
Missing character: There is no a in font nullfont!
Missing character: There is no m in font nullfont!
Missing character: There is no a in font nullfont!
Missing character: There is no l in font nullfont!
Missing character: There is no a in font nullfont!
Missing character: There is no , in font nullfont!
Missing character: There is no 0 in font nullfont!
Missing character: There is no 7 in font nullfont!
Missing character: There is no 3 in font nullfont!
Missing character: There is no B in font nullfont!
Missing character: There is no E in font nullfont!
Missing character: There is no L in font nullfont!
Missing character: There is no 3 in font nullfont!
Missing character: There is no 2 in font nullfont!
Missing character: There is no 9 in font nullfont!
LaTeX Font Info:    External font `cmex10' loaded for size
(Font)              <7> on input line 30.
LaTeX Font Info:    External font `cmex10' loaded for size
(Font)              <5> on input line 30.
Missing character: There is no E in font nullfont!
Missing character: There is no l in font nullfont!
Missing character: There is no e in font nullfont!
Missing character: There is no c in font nullfont!
Missing character: There is no t in font nullfont!
Missing character: There is no r in font nullfont!
Missing character: There is no i in font nullfont!
Missing character: There is no c in font nullfont!
Missing character: There is no a in font nullfont!
Missing character: There is no l in font nullfont!
Missing character: There is no E in font nullfont!
Missing character: There is no n in font nullfont!
Missing character: There is no g in font nullfont!
Missing character: There is no i in font nullfont!
Missing character: There is no n in font nullfont!
Missing character: There is no e in font nullfont!
Missing character: There is no e in font nullfont!
Missing character: There is no r in font nullfont!
Missing character: There is no i in font nullfont!
Missing character: There is no n in font nullfont!
Missing character: There is no g in font nullfont!
Missing character: There is no D in font nullfont!
Missing character: There is no e in font nullfont!
Missing character: There is no p in font nullfont!
Missing character: There is no a in font nullfont!
Missing character: There is no r in font nullfont!
Missing character: There is no t in font nullfont!
Missing character: There is no m in font nullfont!
Missing character: There is no e in font nullfont!
Missing character: There is no n in font nullfont!
Missing character: There is no t in font nullfont!

Overfull \hbox (3276.74998pt too wide) in paragraph at lines 22--37
 []$[]$ 
 []


Overfull \hbox (3276.74998pt too wide) in paragraph at lines 22--37
 []$ 
 []

! Undefined control sequence.
l.47 	{\large
              \today}\\[2cm] % Date, change the \today to a set date if you ...
The control sequence at the end of the top line
of your error message was never \def'ed. If you have
misspelled it (e.g., `\hobx'), type `I' and the correct
spelling (e.g., `I\hbox'). Otherwise just continue,
and I'll forget about whatever was undefined.

! Undefined control sequence.
l.47 	{\large \today
                    }\\[2cm] % Date, change the \today to a set date if you ...
The control sequence at the end of the top line
of your error message was never \def'ed. If you have
misspelled it (e.g., `\hobx'), type `I' and the correct
spelling (e.g., `I\hbox'). Otherwise just continue,
and I'll forget about whatever was undefined.


! LaTeX Error: There's no line here to end.

See the LaTeX manual or LaTeX Companion for explanation.
Type  H <return>  for immediate help.
 ...                                              
                                                  
l.47 	{\large \today}\\
                       [2cm] % Date, change the \today to a set date if you ...

Your command was ignored.
Type  I <command> <return>  to replace it with another command,
or  <return>  to continue without it.


! LaTeX Error: \begin{document} ended by \end{titlepage}.

See the LaTeX manual or LaTeX Companion for explanation.
Type  H <return>  for immediate help.
 ...                                              
                                                  
l.57 \end{titlepage}
                    
Your command was ignored.
Type  I <command> <return>  to replace it with another command,
or  <return>  to continue without it.

)
! Emergency stop.
<*> ./titlepage.tex
                   
*** (job aborted, no legal \end found)

 
Here is how much of TeX's memory you used:
 21 strings out of 492453
 311 string characters out of 3129819
 60884 words of memory out of 3000000
 4476 multiletter control sequences out of 15000+200000
 4595 words of font info for 17 fonts, out of 3000000 for 9000
 1141 hyphenation exceptions out of 8191
 20i,3n,18p,184b,205s stack positions out of 5000i,500n,10000p,200000b,50000s
!  ==> Fatal error occurred, no output PDF file produced!
